wear/build/intermediates/manifest_merge_blame_file/debug/processDebugMainManifest/manifest-merger-blame-debug-report.txt
1<?xml version="1.0" encoding="utf-8"?>
2<manifest xmlns:android="http://schemas.android.com/apk/res/android"
3    package="com.example.pokemonalertsv2"
4    android:versionCode="1"
5    android:versionName="1.0" >
6
7    <uses-sdk
8        android:minSdkVersion="30"
9        android:targetSdkVersion="35" />
10
11    <uses-feature android:name="android.hardware.type.watch" />
11-->src\main\AndroidManifest.xml:4:5-64
11-->src\main\AndroidManifest.xml:4:19-61
12
13    <uses-permission android:name="android.permission.WAKE_LOCK" />
13-->src\main\AndroidManifest.xml:5:5-68
13-->src\main\AndroidManifest.xml:5:22-65
14    <uses-permission android:name="android.permission.INTERNET" />
14-->src\main\AndroidManifest.xml:6:5-67
14-->src\main\AndroidManifest.xml:6:22-64
15
16    <permission
16-->[androidx.core:core:1.17.0] AndroidManifest.xml:22:5-24:47
17        android:name="com.example.pokemonalertsv2.DYNAMIC_RECEIVER_NOT_EXPORTED_PERMISSION"
17-->[androidx.core:core:1.17.0] AndroidManifest.xml:23:9-81
18        android:protectionLevel="signature" />
18-->[androidx.core:core:1.17.0] AndroidManifest.xml:24:9-44
19
20    <uses-permission android:name="com.example.pokemonalertsv2.DYNAMIC_RECEIVER_NOT_EXPORTED_PERMISSION" />
20-->[androidx.core:core:1.17.0] AndroidManifest.xml:26:5-97
20-->[androidx.core:core:1.17.0] AndroidManifest.xml:26:22-94
21
22    <queries>
22-->[androidx.wear.tiles:tiles:1.3.0] AndroidManifest.xml:7:5-11:15
23        <intent>
23-->[androidx.wear.tiles:tiles:1.3.0] AndroidManifest.xml:8:9-10:18
24            <action android:name="androidx.wear.tiles.action.BIND_UPDATE_REQUESTER" />
24-->[androidx.wear.tiles:tiles:1.3.0] AndroidManifest.xml:9:13-87
24-->[androidx.wear.tiles:tiles:1.3.0] AndroidManifest.xml:9:21-84
25        </intent>
26    </queries>
27
28    <application
28-->src\main\AndroidManifest.xml:8:5-50:19
29        android:allowBackup="true"
29-->src\main\AndroidManifest.xml:9:9-35
30        android:appComponentFactory="androidx.core.app.CoreComponentFactory"
30-->[androidx.core:core:1.17.0] AndroidManifest.xml:28:18-86
31        android:debuggable="true"
32        android:extractNativeLibs="false"
33        android:icon="@android:drawable/sym_def_app_icon"
33-->src\main\AndroidManifest.xml:10:9-58
34        android:label="Pokemon Alerts"
34-->src\main\AndroidManifest.xml:11:9-39
35        android:supportsRtl="true"
35-->src\main\AndroidManifest.xml:12:9-35
36        android:theme="@android:style/Theme.DeviceDefault" >
36-->src\main\AndroidManifest.xml:13:9-59
37        <meta-data
37-->src\main\AndroidManifest.xml:15:9-17:37
38            android:name="com.google.android.wearable.standalone"
38-->src\main\AndroidManifest.xml:16:13-66
39            android:value="false" />
39-->src\main\AndroidManifest.xml:17:13-34
40
41        <activity
41-->src\main\AndroidManifest.xml:19:9-28:20
42            android:name="com.example.pokemonalertsv2.wear.MainActivity"
42-->src\main\AndroidManifest.xml:20:13-41
43            android:exported="true"
43-->src\main\AndroidManifest.xml:21:13-36
44            android:taskAffinity=""
44-->src\main\AndroidManifest.xml:22:13-36
45            android:theme="@android:style/Theme.DeviceDefault" >
45-->src\main\AndroidManifest.xml:23:13-63
46            <intent-filter>
46-->src\main\AndroidManifest.xml:24:13-27:29
47                <action android:name="android.intent.action.MAIN" />
47-->src\main\AndroidManifest.xml:25:17-69
47-->src\main\AndroidManifest.xml:25:25-66
48
49                <category android:name="android.intent.category.LAUNCHER" />
49-->src\main\AndroidManifest.xml:26:17-77
49-->src\main\AndroidManifest.xml:26:27-74
50            </intent-filter>
51        </activity>
52
53        <service
53-->src\main\AndroidManifest.xml:30:9-39:19
54            android:name="com.example.pokemonalertsv2.wear.tile.AlertsTileService"
54-->src\main\AndroidManifest.xml:31:13-51
55            android:exported="true"
55-->src\main\AndroidManifest.xml:32:13-36
56            android:label="Pokemon Alerts Tile"
56-->src\main\AndroidManifest.xml:33:13-48
57            android:permission="com.google.android.wearable.permission.BIND_TILE_PROVIDER" >
57-->src\main\AndroidManifest.xml:34:13-91
58            <intent-filter>
58-->src\main\AndroidManifest.xml:35:13-37:29
59                <action android:name="androidx.wear.tiles.action.BIND_TILE_PROVIDER" />
59-->src\main\AndroidManifest.xml:36:17-88
59-->src\main\AndroidManifest.xml:36:25-85
60            </intent-filter>
61        </service>
62
63        <!-- Service to receive DataItem changes from the phone -->
64        <service
64-->src\main\AndroidManifest.xml:42:9-49:19
65            android:name="com.example.pokemonalertsv2.wear.data.DataLayerListenerService"
65-->src\main\AndroidManifest.xml:43:13-58
66            android:exported="true" >
66-->src\main\AndroidManifest.xml:44:13-36
67            <intent-filter>
67-->src\main\AndroidManifest.xml:45:13-48:29
68                <action android:name="com.google.android.gms.wearable.DATA_CHANGED" />
68-->src\main\AndroidManifest.xml:46:17-87
68-->src\main\AndroidManifest.xml:46:25-84
69
70                <data
70-->src\main\AndroidManifest.xml:47:17-93
71                    android:host="*"
71-->src\main\AndroidManifest.xml:47:45-61
72                    android:pathPrefix="/alerts"
72-->src\main\AndroidManifest.xml:47:62-90
73                    android:scheme="wear" />
73-->src\main\AndroidManifest.xml:47:23-44
74            </intent-filter>
75        </service>
76
77        <activity
77-->[androidx.compose.ui:ui-tooling-android:1.7.0] AndroidManifest.xml:23:9-25:39
78            android:name="androidx.compose.ui.tooling.PreviewActivity"
78-->[androidx.compose.ui:ui-tooling-android:1.7.0] AndroidManifest.xml:24:13-71
79            android:exported="true" />
79-->[androidx.compose.ui:ui-tooling-android:1.7.0] AndroidManifest.xml:25:13-36
80
81        <uses-library
81-->[androidx.wear:wear:1.3.0] AndroidManifest.xml:23:9-25:40
82            android:name="com.google.android.wearable"
82-->[androidx.wear:wear:1.3.0] AndroidManifest.xml:24:13-55
83            android:required="false" />
83-->[androidx.wear:wear:1.3.0] AndroidManifest.xml:25:13-37
84
85        <activity
85-->[com.google.android.gms:play-services-base:18.5.0] AndroidManifest.xml:5:9-173
86            android:name="com.google.android.gms.common.api.GoogleApiActivity"
86-->[com.google.android.gms:play-services-base:18.5.0] AndroidManifest.xml:5:19-85
87            android:exported="false"
87-->[com.google.android.gms:play-services-base:18.5.0] AndroidManifest.xml:5:146-170
88            android:theme="@android:style/Theme.Translucent.NoTitleBar" />
88-->[com.google.android.gms:play-services-base:18.5.0] AndroidManifest.xml:5:86-145
89
90        <meta-data
90-->[com.google.android.gms:play-services-basement:18.4.0] AndroidManifest.xml:6:9-122
91            android:name="com.google.android.gms.version"
91-->[com.google.android.gms:play-services-basement:18.4.0] AndroidManifest.xml:6:20-65
92            android:value="@integer/google_play_services_version" />
92-->[com.google.android.gms:play-services-basement:18.4.0] AndroidManifest.xml:6:66-119
93
94        <provider
94-->[androidx.emoji2:emoji2:1.3.0] AndroidManifest.xml:24:9-32:20
95            android:name="androidx.startup.InitializationProvider"
95-->[androidx.emoji2:emoji2:1.3.0] AndroidManifest.xml:25:13-67
96            android:authorities="com.example.pokemonalertsv2.androidx-startup"
96-->[androidx.emoji2:emoji2:1.3.0] AndroidManifest.xml:26:13-68
97            android:exported="false" >
97-->[androidx.emoji2:emoji2:1.3.0] AndroidManifest.xml:27:13-37
98            <meta-data
98-->[androidx.emoji2:emoji2:1.3.0] AndroidManifest.xml:29:13-31:52
99                android:name="androidx.emoji2.text.EmojiCompatInitializer"
99-->[androidx.emoji2:emoji2:1.3.0] AndroidManifest.xml:30:17-75
100                android:value="androidx.startup" />
100-->[androidx.emoji2:emoji2:1.3.0] AndroidManifest.xml:31:17-49
101            <meta-data
101-->[androidx.lifecycle:lifecycle-process:2.8.3] AndroidManifest.xml:29:13-31:52
102                android:name="androidx.lifecycle.ProcessLifecycleInitializer"
102-->[androidx.lifecycle:lifecycle-process:2.8.3] AndroidManifest.xml:30:17-78
103                android:value="androidx.startup" />
103-->[androidx.lifecycle:lifecycle-process:2.8.3] AndroidManifest.xml:31:17-49
104            <meta-data
104-->[androidx.profileinstaller:profileinstaller:1.4.0] AndroidManifest.xml:29:13-31:52
105                android:name="androidx.profileinstaller.ProfileInstallerInitializer"
105-->[androidx.profileinstaller:profileinstaller:1.4.0] AndroidManifest.xml:30:17-85
106                android:value="androidx.startup" />
106-->[androidx.profileinstaller:profileinstaller:1.4.0] AndroidManifest.xml:31:17-49
107        </provider>
108
109        <receiver
109-->[androidx.profileinstaller:profileinstaller:1.4.0] AndroidManifest.xml:34:9-52:20
110            android:name="androidx.profileinstaller.ProfileInstallReceiver"
110-->[androidx.profileinstaller:profileinstaller:1.4.0] AndroidManifest.xml:35:13-76
111            android:directBootAware="false"
111-->[androidx.profileinstaller:profileinstaller:1.4.0] AndroidManifest.xml:36:13-44
112            android:enabled="true"
112-->[androidx.profileinstaller:profileinstaller:1.4.0] AndroidManifest.xml:37:13-35
113            android:exported="true"
113-->[androidx.profileinstaller:profileinstaller:1.4.0] AndroidManifest.xml:38:13-36
114            android:permission="android.permission.DUMP" >
114-->[androidx.profileinstaller:profileinstaller:1.4.0] AndroidManifest.xml:39:13-57
115            <intent-filter>
115-->[androidx.profileinstaller:profileinstaller:1.4.0] AndroidManifest.xml:40:13-42:29
116                <action android:name="androidx.profileinstaller.action.INSTALL_PROFILE" />
116-->[androidx.profileinstaller:profileinstaller:1.4.0] AndroidManifest.xml:41:17-91
116-->[androidx.profileinstaller:profileinstaller:1.4.0] AndroidManifest.xml:41:25-88
117            </intent-filter>
118            <intent-filter>
118-->[androidx.profileinstaller:profileinstaller:1.4.0] AndroidManifest.xml:43:13-45:29
119                <action android:name="androidx.profileinstaller.action.SKIP_FILE" />
119-->[androidx.profileinstaller:profileinstaller:1.4.0] AndroidManifest.xml:44:17-85
119-->[androidx.profileinstaller:profileinstaller:1.4.0] AndroidManifest.xml:44:25-82
120            </intent-filter>
121            <intent-filter>
121-->[androidx.profileinstaller:profileinstaller:1.4.0] AndroidManifest.xml:46:13-48:29
122                <action android:name="androidx.profileinstaller.action.SAVE_PROFILE" />
122-->[androidx.profileinstaller:profileinstaller:1.4.0] AndroidManifest.xml:47:17-88
122-->[androidx.profileinstaller:profileinstaller:1.4.0] AndroidManifest.xml:47:25-85
123            </intent-filter>
124            <intent-filter>
124-->[androidx.profileinstaller:profileinstaller:1.4.0] AndroidManifest.xml:49:13-51:29
125                <action android:name="androidx.profileinstaller.action.BENCHMARK_OPERATION" />
125-->[androidx.profileinstaller:profileinstaller:1.4.0] AndroidManifest.xml:50:17-95
125-->[androidx.profileinstaller:profileinstaller:1.4.0] AndroidManifest.xml:50:25-92
126            </intent-filter>
127        </receiver>
128    </application>
129
130</manifest>